<?xml version="1.0" encoding="UTF-8"?>
<!-- Generated by org.testng.reporters.JUnitXMLReporter -->
<testsuite ignored="0" hostname="LAPTOP-C2B6RDT2" failures="0" tests="28" name="Default test" time="5.122" errors="0" timestamp="2023-02-01T13:23:47 IST">
  <testcase classname="LoginTest.TestClass1" name="@BeforeTest SetUpTest" time="4.945">
    <failure type="org.openqa.selenium.SessionNotCreatedException" message="Could not start a new session. Response code 500. Message: session not created: This version of ChromeDriver only supports Chrome version 107
Current browser version is 109.0.5414.120 with binary path C:\Program Files\Google\Chrome\Application\chrome.exe
Build info: version: &amp;apos;4.2.2&amp;apos;, revision: &amp;apos;683ccb65d6&amp;apos;
System info: host: &amp;apos;LAPTOP-C2B6RDT2&amp;apos;, ip: &amp;apos;192.168.1.119&amp;apos;, os.name: &amp;apos;Windows 11&amp;apos;, os.arch: &amp;apos;amd64&amp;apos;, os.version: &amp;apos;10.0&amp;apos;, java.version: &amp;apos;11.0.14&amp;apos;
Driver info: org.openqa.selenium.chrome.ChromeDriver
Command: [null, newSession {capabilities=[Capabilities {browserName: chrome, goog:chromeOptions: {args: [], extensions: []}}], desiredCapabilities=Capabilities {browserName: chrome, goog:chromeOptions: {args: [], extensions: []}}}]">
      <![CDATA[org.openqa.selenium.SessionNotCreatedException: Could not start a new session. Response code 500. Message: session not created: This version of ChromeDriver only supports Chrome version 107
Current browser version is 109.0.5414.120 with binary path C:\Program Files\Google\Chrome\Application\chrome.exe
Build info: version: '4.2.2', revision: '683ccb65d6'
System info: host: 'LAPTOP-C2B6RDT2', ip: '192.168.1.119', os.name: 'Windows 11', os.arch: 'amd64', os.version: '10.0', java.version: '11.0.14'
Driver info: org.openqa.selenium.chrome.ChromeDriver
Command: [null, newSession {capabilities=[Capabilities {browserName: chrome, goog:chromeOptions: {args: [], extensions: []}}], desiredCapabilities=Capabilities {browserName: chrome, goog:chromeOptions: {args: [], extensions: []}}}]
at org.openqa.selenium.remote.ProtocolHandshake.createSession(ProtocolHandshake.java:144)
at org.openqa.selenium.remote.ProtocolHandshake.createSession(ProtocolHandshake.java:102)
at org.openqa.selenium.remote.ProtocolHandshake.createSession(ProtocolHandshake.java:67)
at org.openqa.selenium.remote.HttpCommandExecutor.execute(HttpCommandExecutor.java:156)
at org.openqa.selenium.remote.service.DriverCommandExecutor.invokeExecute(DriverCommandExecutor.java:167)
at org.openqa.selenium.remote.service.DriverCommandExecutor.execute(DriverCommandExecutor.java:142)
at org.openqa.selenium.remote.RemoteWebDriver.execute(RemoteWebDriver.java:588)
at org.openqa.selenium.remote.RemoteWebDriver.startSession(RemoteWebDriver.java:283)
at org.openqa.selenium.remote.RemoteWebDriver.<init>(RemoteWebDriver.java:184)
at org.openqa.selenium.chromium.ChromiumDriver.<init>(ChromiumDriver.java:106)
at org.openqa.selenium.chrome.ChromeDriver.<init>(ChromeDriver.java:106)
at org.openqa.selenium.chrome.ChromeDriver.<init>(ChromeDriver.java:93)
at org.openqa.selenium.chrome.ChromeDriver.<init>(ChromeDriver.java:48)
at Library.BaseClass1.Initialisebrowser(BaseClass1.java:15)
at LoginTest.TestClass1.SetUpTest(TestClass1.java:47)
at java.base/jdk.internal.reflect.NativeMethodAccessorImpl.invoke0(Native Method)
at java.base/jdk.internal.reflect.NativeMethodAccessorImpl.invoke(NativeMethodAccessorImpl.java:62)
at java.base/jdk.internal.reflect.DelegatingMethodAccessorImpl.invoke(DelegatingMethodAccessorImpl.java:43)
at java.base/java.lang.reflect.Method.invoke(Method.java:566)
at org.testng.internal.MethodInvocationHelper.invokeMethod(MethodInvocationHelper.java:133)
at org.testng.internal.MethodInvocationHelper.invokeMethodConsideringTimeout(MethodInvocationHelper.java:62)
at org.testng.internal.ConfigInvoker.invokeConfigurationMethod(ConfigInvoker.java:385)
at org.testng.internal.ConfigInvoker.invokeConfigurations(ConfigInvoker.java:321)
at org.testng.TestRunner.invokeTestConfigurations(TestRunner.java:637)
at org.testng.TestRunner.beforeRun(TestRunner.java:627)
at org.testng.TestRunner.run(TestRunner.java:589)
at org.testng.SuiteRunner.runTest(SuiteRunner.java:377)
at org.testng.SuiteRunner.runSequentially(SuiteRunner.java:371)
at org.testng.SuiteRunner.privateRun(SuiteRunner.java:332)
at org.testng.SuiteRunner.run(SuiteRunner.java:276)
at org.testng.SuiteRunnerWorker.runSuite(SuiteRunnerWorker.java:53)
at org.testng.SuiteRunnerWorker.run(SuiteRunnerWorker.java:96)
at org.testng.TestNG.runSuitesSequentially(TestNG.java:1212)
at org.testng.TestNG.runSuitesLocally(TestNG.java:1134)
at org.testng.TestNG.runSuites(TestNG.java:1063)
at org.testng.TestNG.run(TestNG.java:1031)
at org.testng.remote.AbstractRemoteTestNG.run(AbstractRemoteTestNG.java:115)
at org.testng.remote.RemoteTestNG.initAndRun(RemoteTestNG.java:251)
at org.testng.remote.RemoteTestNG.main(RemoteTestNG.java:77)
]]>
    </failure>
  </testcase> <!-- @BeforeTest SetUpTest -->
  <testcase classname="LoginTest.TestClass1" name="@AfterTest TearDownTest" time="-1.675238027928E9">
    <skipped/>
  </testcase> <!-- @AfterTest TearDownTest -->
  <testcase classname="LoginTest.TestClass1" name="VerifyLoginFunctionality" time="0.0">
    <skipped/>
  </testcase> <!-- VerifyLoginFunctionality -->
  <testcase classname="LoginTest.TestClass1" name="ClickOnStartInvesting" time="0.0">
    <skipped/>
  </testcase> <!-- ClickOnStartInvesting -->
  <testcase classname="LoginTest.TestClass1" name="SelectQuestions" time="0.0">
    <skipped/>
  </testcase> <!-- SelectQuestions -->
  <testcase classname="LoginTest.TestClass1" name="ChangeMyRiskProfile" time="0.0">
    <skipped/>
  </testcase> <!-- ChangeMyRiskProfile -->
  <testcase classname="LoginTest.TestClass1" name="SelectRiskProfile" time="0.0">
    <skipped/>
  </testcase> <!-- SelectRiskProfile -->
  <testcase classname="LoginTest.TestClass1" name="ConfirmRiskProfile" time="0.0">
    <skipped/>
  </testcase> <!-- ConfirmRiskProfile -->
  <testcase classname="LoginTest.TestClass1" name="EnterAmount" time="0.0">
    <skipped/>
  </testcase> <!-- EnterAmount -->
  <testcase classname="LoginTest.TestClass1" name="SelectYear" time="0.0">
    <skipped/>
  </testcase> <!-- SelectYear -->
  <testcase classname="LoginTest.TestClass1" name="SelectEquityStrategy" time="0.0">
    <skipped/>
  </testcase> <!-- SelectEquityStrategy -->
  <testcase classname="LoginTest.TestClass1" name="SelectCreateMyPortfolio" time="0.0">
    <skipped/>
  </testcase> <!-- SelectCreateMyPortfolio -->
  <testcase classname="LoginTest.TestClass1" name="VerifyUnlockFullPortfolioutton" time="0.0">
    <skipped/>
  </testcase> <!-- VerifyUnlockFullPortfolioutton -->
  <testcase classname="LoginTest.TestClass1" name="VerifyProcedtoPayButton" time="0.0">
    <skipped/>
  </testcase> <!-- VerifyProcedtoPayButton -->
  <testcase classname="LoginTest.TestClass1" name="SelectPaymentMethodCard" time="0.001">
    <skipped/>
  </testcase> <!-- SelectPaymentMethodCard -->
  <testcase classname="LoginTest.TestClass1" name="VerifyCardNumber" time="0.0">
    <skipped/>
  </testcase> <!-- VerifyCardNumber -->
  <testcase classname="LoginTest.TestClass1" name="VerifyExpiryDate" time="0.0">
    <skipped/>
  </testcase> <!-- VerifyExpiryDate -->
  <testcase classname="LoginTest.TestClass1" name="VerifyCVV" time="0.0">
    <skipped/>
  </testcase> <!-- VerifyCVV -->
  <testcase classname="LoginTest.TestClass1" name="ClickToPAYButton" time="0.0">
    <skipped/>
  </testcase> <!-- ClickToPAYButton -->
  <testcase classname="LoginTest.TestClass1" name="SkipSavingCard" time="0.0">
    <skipped/>
  </testcase> <!-- SkipSavingCard -->
  <testcase classname="LoginTest.TestClass1" name="VerifySuccessButton" time="0.0">
    <skipped/>
  </testcase> <!-- VerifySuccessButton -->
  <testcase classname="LoginTest.TestClass1" name="ClickOnViewPortFolio" time="0.0">
    <skipped/>
  </testcase> <!-- ClickOnViewPortFolio -->
  <testcase classname="LoginTest.TestClass1" name="ClickonStartInvesting" time="0.0">
    <skipped/>
  </testcase> <!-- ClickonStartInvesting -->
  <testcase classname="LoginTest.TestClass1" name="VerifyPANNumber" time="0.0">
    <skipped/>
  </testcase> <!-- VerifyPANNumber -->
  <testcase classname="LoginTest.TestClass1" name="VerifyDateOfBirth" time="0.0">
    <skipped/>
  </testcase> <!-- VerifyDateOfBirth -->
  <testcase classname="LoginTest.TestClass1" name="VerifySubmitForVerification" time="0.0">
    <skipped/>
  </testcase> <!-- VerifySubmitForVerification -->
  <testcase classname="LoginTest.TestClass1" name="VerifyProceedtoClientAgreement" time="0.0">
    <skipped/>
  </testcase> <!-- VerifyProceedtoClientAgreement -->
  <testcase classname="LoginTest.TestClass1" name="ClosedDigioWindow" time="0.0">
    <skipped/>
  </testcase> <!-- ClosedDigioWindow -->
  <testcase classname="LoginTest.TestClass1" name="ClickonStartInvesting2" time="0.0">
    <skipped/>
  </testcase> <!-- ClickonStartInvesting2 -->
  <testcase classname="LoginTest.TestClass1" name="SelectBroker" time="0.0">
    <skipped/>
  </testcase> <!-- SelectBroker -->
</testsuite> <!-- Default test -->
