<?xml version="1.0" encoding="UTF-8"?>
<!-- Generated by org.testng.reporters.JUnitReportReporter -->
<testsuite hostname="LAPTOP-C2B6RDT2" failures="0" tests="29" name="LoginTest.Test_Class" time="3.848" errors="1" timestamp="2022-11-01T16:10:38 IST" skipped="28">
  <testcase classname="LoginTest.Test_Class" name="openbrowser" time="3.847">
    <error message="Could not start a new session. Response code 500. Message: session not created: This version of ChromeDriver only supports Chrome version 105
Current browser version is 107.0.5304.87 with binary path C:\Program Files\Google\Chrome\Application\chrome.exe
Build info: version: &#039;4.2.2&#039;, revision: &#039;683ccb65d6&#039;
System info: host: &#039;LAPTOP-C2B6RDT2&#039;, ip: &#039;192.168.1.117&#039;, os.name: &#039;Windows 11&#039;, os.arch: &#039;amd64&#039;, os.version: &#039;10.0&#039;, java.version: &#039;11.0.14&#039;
Driver info: org.openqa.selenium.chrome.ChromeDriver
Command: [null, newSession {capabilities=[Capabilities {browserName: chrome, goog:chromeOptions: {args: [], extensions: []}}], desiredCapabilities=Capabilities {browserName: chrome, goog:chromeOptions: {args: [], extensions: []}}}]" type="org.openqa.selenium.SessionNotCreatedException">
      <![CDATA[org.openqa.selenium.SessionNotCreatedException: Could not start a new session. Response code 500. Message: session not created: This version of ChromeDriver only supports Chrome version 105
Current browser version is 107.0.5304.87 with binary path C:\Program Files\Google\Chrome\Application\chrome.exe
Build info: version: '4.2.2', revision: '683ccb65d6'
System info: host: 'LAPTOP-C2B6RDT2', ip: '192.168.1.117', os.name: 'Windows 11', os.arch: 'amd64', os.version: '10.0', java.version: '11.0.14'
Driver info: org.openqa.selenium.chrome.ChromeDriver
Command: [null, newSession {capabilities=[Capabilities {browserName: chrome, goog:chromeOptions: {args: [], extensions: []}}], desiredCapabilities=Capabilities {browserName: chrome, goog:chromeOptions: {args: [], extensions: []}}}]
at org.openqa.selenium.remote.ProtocolHandshake.createSession(ProtocolHandshake.java:144)
at org.openqa.selenium.remote.ProtocolHandshake.createSession(ProtocolHandshake.java:102)
at org.openqa.selenium.remote.ProtocolHandshake.createSession(ProtocolHandshake.java:67)
at org.openqa.selenium.remote.HttpCommandExecutor.execute(HttpCommandExecutor.java:156)
at org.openqa.selenium.remote.service.DriverCommandExecutor.invokeExecute(DriverCommandExecutor.java:167)
at org.openqa.selenium.remote.service.DriverCommandExecutor.execute(DriverCommandExecutor.java:142)
at org.openqa.selenium.remote.RemoteWebDriver.execute(RemoteWebDriver.java:588)
at org.openqa.selenium.remote.RemoteWebDriver.startSession(RemoteWebDriver.java:283)
at org.openqa.selenium.remote.RemoteWebDriver.<init>(RemoteWebDriver.java:184)
at org.openqa.selenium.chromium.ChromiumDriver.<init>(ChromiumDriver.java:106)
at org.openqa.selenium.chrome.ChromeDriver.<init>(ChromeDriver.java:106)
at org.openqa.selenium.chrome.ChromeDriver.<init>(ChromeDriver.java:93)
at org.openqa.selenium.chrome.ChromeDriver.<init>(ChromeDriver.java:48)
at Library.Baseclass.Initialisebrowser(Baseclass.java:16)
at LoginTest.Test_Class.openbrowser(Test_Class.java:36)
at java.base/jdk.internal.reflect.NativeMethodAccessorImpl.invoke0(Native Method)
at java.base/jdk.internal.reflect.NativeMethodAccessorImpl.invoke(NativeMethodAccessorImpl.java:62)
at java.base/jdk.internal.reflect.DelegatingMethodAccessorImpl.invoke(DelegatingMethodAccessorImpl.java:43)
at java.base/java.lang.reflect.Method.invoke(Method.java:566)
at org.testng.internal.MethodInvocationHelper.invokeMethod(MethodInvocationHelper.java:133)
at org.testng.internal.MethodInvocationHelper.invokeMethodConsideringTimeout(MethodInvocationHelper.java:62)
at org.testng.internal.ConfigInvoker.invokeConfigurationMethod(ConfigInvoker.java:385)
at org.testng.internal.ConfigInvoker.invokeConfigurations(ConfigInvoker.java:321)
at org.testng.internal.TestMethodWorker.invokeBeforeClassMethods(TestMethodWorker.java:176)
at org.testng.internal.TestMethodWorker.run(TestMethodWorker.java:122)
at java.base/java.util.ArrayList.forEach(ArrayList.java:1541)
at org.testng.TestRunner.privateRun(TestRunner.java:794)
at org.testng.TestRunner.run(TestRunner.java:596)
at org.testng.SuiteRunner.runTest(SuiteRunner.java:377)
at org.testng.SuiteRunner.runSequentially(SuiteRunner.java:371)
at org.testng.SuiteRunner.privateRun(SuiteRunner.java:332)
at org.testng.SuiteRunner.run(SuiteRunner.java:276)
at org.testng.SuiteRunnerWorker.runSuite(SuiteRunnerWorker.java:53)
at org.testng.SuiteRunnerWorker.run(SuiteRunnerWorker.java:96)
at org.testng.TestNG.runSuitesSequentially(TestNG.java:1212)
at org.testng.TestNG.runSuitesLocally(TestNG.java:1134)
at org.testng.TestNG.runSuites(TestNG.java:1063)
at org.testng.TestNG.run(TestNG.java:1031)
at org.testng.remote.AbstractRemoteTestNG.run(AbstractRemoteTestNG.java:115)
at org.testng.remote.RemoteTestNG.initAndRun(RemoteTestNG.java:251)
at org.testng.remote.RemoteTestNG.main(RemoteTestNG.java:77)
]]>
    </error>
  </testcase> <!-- openbrowser -->
  <system-out/>
  <testcase classname="LoginTest.Test_Class" name="VerifySignUpFunctionality" time="0.001">
    <skipped/>
  </testcase> <!-- VerifySignUpFunctionality -->
  <system-out/>
  <testcase classname="LoginTest.Test_Class" name="ClickOnStartInvesting" time="0.000">
    <skipped/>
  </testcase> <!-- ClickOnStartInvesting -->
  <system-out/>
  <testcase classname="LoginTest.Test_Class" name="SelectQuestions" time="0.000">
    <skipped/>
  </testcase> <!-- SelectQuestions -->
  <system-out/>
  <testcase classname="LoginTest.Test_Class" name="ChangeMyRiskProfile" time="0.000">
    <skipped/>
  </testcase> <!-- ChangeMyRiskProfile -->
  <system-out/>
  <testcase classname="LoginTest.Test_Class" name="SelectRiskProfile" time="0.000">
    <skipped/>
  </testcase> <!-- SelectRiskProfile -->
  <system-out/>
  <testcase classname="LoginTest.Test_Class" name="ConfirmRiskProfile" time="0.000">
    <skipped/>
  </testcase> <!-- ConfirmRiskProfile -->
  <system-out/>
  <testcase classname="LoginTest.Test_Class" name="EnterAmount" time="0.000">
    <skipped/>
  </testcase> <!-- EnterAmount -->
  <system-out/>
  <testcase classname="LoginTest.Test_Class" name="SelectYear" time="0.000">
    <skipped/>
  </testcase> <!-- SelectYear -->
  <system-out/>
  <testcase classname="LoginTest.Test_Class" name="SelectEquityStrategy" time="0.000">
    <skipped/>
  </testcase> <!-- SelectEquityStrategy -->
  <system-out/>
  <testcase classname="LoginTest.Test_Class" name="SelectCreateMyPortfolio" time="0.000">
    <skipped/>
  </testcase> <!-- SelectCreateMyPortfolio -->
  <system-out/>
  <testcase classname="LoginTest.Test_Class" name="UnlockFullPortfolio" time="0.000">
    <skipped/>
  </testcase> <!-- UnlockFullPortfolio -->
  <system-out/>
  <testcase classname="LoginTest.Test_Class" name="ClickOnProcedtoPay" time="0.000">
    <skipped/>
  </testcase> <!-- ClickOnProcedtoPay -->
  <system-out/>
  <testcase classname="LoginTest.Test_Class" name="SelectPaymentMethodCard" time="0.000">
    <skipped/>
  </testcase> <!-- SelectPaymentMethodCard -->
  <system-out/>
  <testcase classname="LoginTest.Test_Class" name="VerifyCardNumber" time="0.000">
    <skipped/>
  </testcase> <!-- VerifyCardNumber -->
  <system-out/>
  <testcase classname="LoginTest.Test_Class" name="VerifyExpiryDate" time="0.000">
    <skipped/>
  </testcase> <!-- VerifyExpiryDate -->
  <system-out/>
  <testcase classname="LoginTest.Test_Class" name="VerifyCVV" time="0.000">
    <skipped/>
  </testcase> <!-- VerifyCVV -->
  <system-out/>
  <testcase classname="LoginTest.Test_Class" name="ClickToPAY" time="0.000">
    <skipped/>
  </testcase> <!-- ClickToPAY -->
  <system-out/>
  <testcase classname="LoginTest.Test_Class" name="SkipSavingCard" time="0.000">
    <skipped/>
  </testcase> <!-- SkipSavingCard -->
  <system-out/>
  <testcase classname="LoginTest.Test_Class" name="ClickonSuccessButton" time="0.000">
    <skipped/>
  </testcase> <!-- ClickonSuccessButton -->
  <system-out/>
  <testcase classname="LoginTest.Test_Class" name="ClickOnViewPortFolio" time="0.000">
    <skipped/>
  </testcase> <!-- ClickOnViewPortFolio -->
  <system-out/>
  <testcase classname="LoginTest.Test_Class" name="ClickonStartInvesting" time="0.000">
    <skipped/>
  </testcase> <!-- ClickonStartInvesting -->
  <system-out/>
  <testcase classname="LoginTest.Test_Class" name="VerifyPANNumber" time="0.000">
    <skipped/>
  </testcase> <!-- VerifyPANNumber -->
  <system-out/>
  <testcase classname="LoginTest.Test_Class" name="VerifyDateOfBirth" time="0.000">
    <skipped/>
  </testcase> <!-- VerifyDateOfBirth -->
  <system-out/>
  <testcase classname="LoginTest.Test_Class" name="VerifySubmitForVerification" time="0.000">
    <skipped/>
  </testcase> <!-- VerifySubmitForVerification -->
  <system-out/>
  <testcase classname="LoginTest.Test_Class" name="VerifyProceedtoClientAgreement" time="0.000">
    <skipped/>
  </testcase> <!-- VerifyProceedtoClientAgreement -->
  <system-out/>
  <testcase classname="LoginTest.Test_Class" name="ClosedDigioWindow" time="0.000">
    <skipped/>
  </testcase> <!-- ClosedDigioWindow -->
  <system-out/>
  <testcase classname="LoginTest.Test_Class" name="ClickonStartInvesting2" time="0.000">
    <skipped/>
  </testcase> <!-- ClickonStartInvesting2 -->
  <system-out/>
  <testcase classname="LoginTest.Test_Class" name="SelectBroker" time="0.000">
    <skipped/>
  </testcase> <!-- SelectBroker -->
  <system-out/>
</testsuite> <!-- LoginTest.Test_Class -->
